
> sri-guide-client@0.1.0 build
> next build

Î“Ă»â–“ Next.js 16.1.6 (Turbopack)

  Creating an optimized production build ...
Î“ÂŁĂ´ Compiled successfully in 2.3s
  Running TypeScript ...
  Collecting page data using 15 workers ...
  Generating static pages using 15 workers (0/24) ...
  Generating static pages using 15 workers (6/24) 
  Generating static pages using 15 workers (12/24) 
  Generating static pages using 15 workers (18/24) 
Î“ÂŁĂ´ Generating static pages using 15 workers (24/24) in 406.2ms
  Finalizing page optimization ...

Route (app)
Î“Ă¶Ă® Î“ĂąĂŻ /
Î“Ă¶ÂŁ Î“ĂąĂŻ /_not-found
Î“Ă¶ÂŁ Î“ĂąĂŻ /admin
Î“Ă¶ÂŁ Î“ĂąĂŻ /admin/upgrades
Î“Ă¶ÂŁ Î“ĂąĂŻ /admin/users
Î“Ă¶ÂŁ Î“ĂąĂŻ /admin/verifications
Î“Ă¶ÂŁ Î“ĂąĂŻ /adventures
Î“Ă¶ÂŁ â•žĂ† /adventures/[id]
Î“Ă¶ÂŁ Î“ĂąĂŻ /agency
Î“Ă¶ÂŁ Î“ĂąĂŻ /agency/bookings
Î“Ă¶ÂŁ Î“ĂąĂŻ /agency/guides
Î“Ă¶ÂŁ Î“ĂąĂŻ /agency/profile
Î“Ă¶ÂŁ Î“ĂąĂŻ /agency/tours
Î“Ă¶ÂŁ Î“ĂąĂŻ /dashboard
Î“Ă¶ÂŁ Î“ĂąĂŻ /dashboard/plan
Î“Ă¶ÂŁ Î“ĂąĂŻ /dashboard/profile
Î“Ă¶ÂŁ Î“ĂąĂŻ /dashboard/saved
Î“Ă¶ÂŁ Î“ĂąĂŻ /guide
Î“Ă¶ÂŁ Î“ĂąĂŻ /guide/profile
Î“Ă¶ÂŁ Î“ĂąĂŻ /guide/reviews
Î“Ă¶ÂŁ Î“ĂąĂŻ /guide/trips
Î“Ă¶ÂŁ Î“ĂąĂŻ /guide/upgrade
Î“Ă¶ÂŁ Î“ĂąĂŻ /guides
Î“Ă¶ÂŁ â•žĂ† /profile/[id]
Î“Ă¶ÂŁ Î“ĂąĂŻ /tours
Î“Ă¶Ă¶ â•žĂ† /tours/[id]


Î“ĂąĂŻ  (Static)   prerendered as static content
â•žĂ†  (Dynamic)  server-rendered on demand

